<?xml version="1.0" encoding="UTF-8"?>
<testsuite name="MinesweeperTest" tests="1" skipped="0" failures="0" errors="0" timestamp="2020-11-29T01:18:12" hostname="AVA" time="1.072">
  <properties/>
  <testcase name="start" classname="MinesweeperTest" time="1.072"/>
  <system-out><![CDATA[?[1;31m
Start test 1?[0m
How many mines do you want on the field? > > 1
.........
.........
....X....
.........
.........
.........
.........
.........
.........
?[1;31m
Start test 2?[0m
How many mines do you want on the field? > > 1
.........
.........
.........
......X..
.........
.........
.........
.........
.........
?[1;31m
Start test 3?[0m
How many mines do you want on the field? > > 2
.........
.........
.........
...X.....
.........
.....X...
.........
.........
.........
?[1;31m
Start test 4?[0m
How many mines do you want on the field? > > 2
.........
.........
.........
.........
.X.......
.........
.........
X........
.........
?[1;31m
Start test 5?[0m
How many mines do you want on the field? > > 3
.........
.........
.........
.X.XX....
.........
.........
.........
.........
.........
?[1;31m
Start test 6?[0m
How many mines do you want on the field? > > 3
.........
.........
.........
.........
.........
....X....
.........
.....XX..
.........
?[1;31m
Start test 7?[0m
How many mines do you want on the field? > > 4
.X.......
X........
.........
.........
..X....X.
.........
.........
.........
.........
?[1;31m
Start test 8?[0m
How many mines do you want on the field? > > 4
.....X...
.........
X........
.........
X........
.........
.........
..X......
.........
?[1;31m
Start test 9?[0m
How many mines do you want on the field? > > 5
.........
.XX......
.........
.........
.........
....X....
......X..
.X.......
.........
?[1;31m
Start test 10?[0m
How many mines do you want on the field? > > 5
.........
.........
X...X....
.........
.....X...
.X.......
...X.....
.........
.........
?[1;31m
Start test 11?[0m
How many mines do you want on the field? > > 6
.........
X...X....
....X....
...X.....
.........
......X..
.........
..X......
.........
?[1;31m
Start test 12?[0m
How many mines do you want on the field? > > 6
.........
...X.....
...X..X..
...X.....
X........
.........
.......X.
.........
.........
?[1;31m
Start test 13?[0m
How many mines do you want on the field? > > 7
.XX.X....
....X.X..
.........
.........
.........
.........
...XX....
.........
.........
?[1;31m
Start test 14?[0m
How many mines do you want on the field? > > 7
.X.......
X...X....
.........
.....X...
X....X...
.........
.........
X........
.........
?[1;31m
Start test 15?[0m
How many mines do you want on the field? > > 8
.X....X..
.......X.
....XX.X.
.....X...
.........
.........
.........
X........
.........
?[1;31m
Start test 16?[0m
How many mines do you want on the field? > > 8
XX...X...
X........
....X....
......XX.
X........
.........
.........
.........
.........
?[1;31m
Start test 17?[0m
How many mines do you want on the field? > > 9
.........
XX..X....
..X......
.........
X..X..X..
.........
.X.X.....
.........
.........
?[1;31m
Start test 18?[0m
How many mines do you want on the field? > > 9
....XX...
..X......
X...X....
.........
.X...X...
.........
.....XX..
.........
.........
?[1;31m
Start test 19?[0m
How many mines do you want on the field? > > 10
.........
.........
X....X...
...X.....
.....X...
...XX....
X.X.XX...
.........
.........
?[1;31m
Start test 20?[0m
How many mines do you want on the field? > > 10
.........
.........
..X....X.
.....X...
X.....X..
.....X...
.......X.
..X.X.X..
.........
?[1;31m
Start test 21?[0m
How many mines do you want on the field? > > 11
X..X.....
.........
....X....
X..X.....
.XX...X..
....X.X..
.........
.....X...
.........
?[1;31m
Start test 22?[0m
How many mines do you want on the field? > > 11
.........
..X......
X.X......
.....XX..
.........
...X...X.
.........
...XXXX..
.........
?[1;31m
Start test 23?[0m
How many mines do you want on the field? > > 12
.........
....X....
XX.......
..X....X.
.........
X......X.
.....X.X.
.XX...X..
.........
?[1;31m
Start test 24?[0m
How many mines do you want on the field? > > 12
......X..
X...XX...
X....X...
.X.......
..X......
..X..X...
.........
..X...X..
.........
?[1;31m
Start test 25?[0m
How many mines do you want on the field? > > 13
X.....X..
.X.......
......X..
.........
..XX.....
.....XX..
.XXX.....
.X...X...
.........
?[1;31m
Start test 26?[0m
How many mines do you want on the field? > > 13
.X.....X.
......X..
..X......
.X.X.....
..X..XX..
X........
......XX.
...X.....
.........
?[1;31m
Start test 27?[0m
How many mines do you want on the field? > > 14
..X......
.........
X.X....X.
X......X.
.X..X....
...XXX...
..X......
X..X.....
.........
?[1;31m
Start test 28?[0m
How many mines do you want on the field? > > 14
....X..X.
XX.......
...X.....
.........
.........
...X.X...
.XXX...X.
.....XXX.
.........
?[1;31m
Start test 29?[0m
How many mines do you want on the field? > > 15
.....X.X.
X....XXX.
...X.....
...X...X.
X.....X..
...X.....
.........
.X..X..X.
.........
?[1;31m
Start test 30?[0m
How many mines do you want on the field? > > 15
...XX....
..XX.....
...X..X..
X........
X.X..X...
.X.X.X...
..X......
.......X.
.........
?[1;31m
Start test 31?[0m
How many mines do you want on the field? > > 16
.....X.X.
.....X...
......X..
....X..X.
.........
....X....
X....XX..
XXXXXX...
.........
?[1;31m
Start test 32?[0m
How many mines do you want on the field? > > 16
.X..X....
......X..
XX.....X.
.X...X...
.XX..X...
..X......
..XX.....
..X...X..
.........
?[1;31m
Start test 33?[0m
How many mines do you want on the field? > > 17
X...X....
X.....X..
X........
......X..
.X.....X.
.....X...
...XXXXX.
...X.X.X.
.........
?[1;31m
Start test 34?[0m
How many mines do you want on the field? > > 17
.X.......
.........
X..XX....
.X..XX.X.
.....XXX.
X.X....X.
..X....X.
.....X...
.........
?[1;31m
Start test 35?[0m
How many mines do you want on the field? > > 18
.........
..X...X..
.XX..X...
..X..XX..
...X.....
.X.......
.....X.X.
XXXXX.X..
.........
?[1;31m
Start test 36?[0m
How many mines do you want on the field? > > 18
.X.......
..X.XX...
..X..X...
X........
..X..X.X.
...X..X..
X....XX..
X...X.X..
.........
?[1;31m
Start test 37?[0m
How many mines do you want on the field? > > 19
.XX...X..
.XX.X....
.X.XX....
X..X.....
X.X......
.......X.
.XXX.....
.XX......
.........
?[1;31m
Start test 38?[0m
How many mines do you want on the field? > > 19
..X...XX.
XX..X....
X....XX..
..X......
X..X.....
X..X.....
.XX......
.....XXX.
.........
?[1;31m
Start test 39?[0m
How many mines do you want on the field? > > 20
....X....
.X..XXX..
......XX.
X..XX.X..
XX.X.....
....X..X.
......X..
...X..XX.
.........
?[1;31m
Start test 40?[0m
How many mines do you want on the field? > > 20
......XX.
X........
..X.X....
X......X.
....X.XX.
.XX.X....
.XXXXX...
..X...X..
.........
?[1;31m
Start test 41?[0m
How many mines do you want on the field? > > 21
....XX...
XXXXX....
.XX..X...
.....X.X.
X.X....X.
....X.X..
.X.X.....
X......X.
.........
?[1;31m
Start test 42?[0m
How many mines do you want on the field? > > 21
.XX......
X..XX..X.
.X..X....
...XXX.X.
.....XX..
.....X.X.
.X.X...X.
.X.....X.
.........
?[1;31m
Start test 43?[0m
How many mines do you want on the field? > > 22
X..XXX...
XXX......
X..X.X.X.
...X.....
....X..X.
X......X.
X...X....
XX.X...X.
.........
?[1;31m
Start test 44?[0m
How many mines do you want on the field? > > 22
......XX.
...X..X..
....X....
.X...X...
XXX...X..
XX...XXX.
X..X..XX.
.X.X.....
.........
?[1;31m
Start test 45?[0m
How many mines do you want on the field? > > 23
..X.X.X..
.....X.X.
.XX.X....
.........
XX..X.X..
.XXXX....
...X.XX..
.XX.X..X.
.........
?[1;31m
Start test 46?[0m
How many mines do you want on the field? > > 23
XXXXXX.X.
...X.....
X..X.X...
XX..X....
.....X.X.
.XXX..X..
.....X.X.
.......X.
.........
?[1;31m
Start test 47?[0m
How many mines do you want on the field? > > 24
X.....X..
X.X.X..X.
.XX...X..
X.X.XXX..
XXXX.....
.....XXX.
.XX..X...
.........
.........
?[1;31m
Start test 48?[0m
How many mines do you want on the field? > > 24
.......X.
.X..XXX..
.....X...
.X..XX...
XX.......
X.XX.XXX.
X...X..X.
.XX..X.X.
.........
?[1;31m
Start test 49?[0m
How many mines do you want on the field? > > 25
...XX....
.X.X.....
XXXXX....
X..XX.XX.
XX....X..
.X..XX.X.
...X.....
....X.XX.
.........
?[1;31m
Start test 50?[0m
How many mines do you want on the field? > > 25
.X.X.X...
XX...X...
X.X......
XXX.X.XX.
.........
X...X....
X..XXXX..
X.X.XX...
.........
?[1;31m
Start test 51?[0m
How many mines do you want on the field? > > 26
.X...XX..
.X.XXX...
.XXX..X..
...XX....
X..X.X...
.X..X.XX.
..XXX.XX.
......X..
.........
?[1;31m
Start test 52?[0m
How many mines do you want on the field? > > 26
X.X....X.
XX.X.....
..XX...X.
.X...XX..
..XX.X.X.
XX.X.X...
.........
XXX.XX.X.
.........
?[1;31m
Start test 53?[0m
How many mines do you want on the field? > > 27
.XX...X..
XXX....X.
X..X...X.
.XX.XX.X.
...XXX...
.XXX.XXX.
.XX......
..X......
.........
?[1;31m
Start test 54?[0m
How many mines do you want on the field? > > 27
X...X..X.
.....X.X.
X....XX..
X..X..X..
.X..X....
XX...X.X.
..XXXXXX.
..X.X.XX.
.........
?[1;31m
Start test 55?[0m
How many mines do you want on the field? > > 28
X.X.XXX..
.XX...X..
..X..X...
XX.....X.
.......X.
X..XXXXX.
.X..XXXX.
X..X...X.
.........
?[1;31m
Start test 56?[0m
How many mines do you want on the field? > > 28
X.X...X..
..XXX..X.
...XX....
X.X..XX..
..XX.X...
..XXX....
XX...XX..
X.X.X.XX.
.........
?[1;31m
Start test 57?[0m
How many mines do you want on the field? > > 29
XXXX.X.X.
XX.......
XXX..X...
....X..X.
..XXXX.X.
.XX..XX..
XX..X....
.X.X..X..
.........
?[1;31m
Start test 58?[0m
How many mines do you want on the field? > > 29
XX.X.....
...X.XXX.
XXX.X.X..
.XX..XX..
XXX...XX.
..X..X.X.
X..X.....
...X.X.X.
.........
?[1;31m
Start test 59?[0m
How many mines do you want on the field? > > 30
.XXX.X.X.
.X..XX...
..XXX.X..
X...XX...
XXX.X....
X..XXX...
.XX..X...
...XXXX..
.........
?[1;31m
Start test 60?[0m
How many mines do you want on the field? > > 30
.X.XX.X..
..XX..X..
.XXX.XX..
.X....X..
..X.XXX..
X.XXX.X..
.X.XX.X..
.XXX.....
.........
?[1;31m
Start test 61?[0m
How many mines do you want on the field? > > 31
XX...XXX.
X.X.X..X.
XX.X.X.X.
XXX..X...
X.....X..
X.XX.XX..
....XXXX.
.X..X....
.........
?[1;31m
Start test 62?[0m
How many mines do you want on the field? > > 31
...XXX.X.
.XX.X....
.X.X.....
.XXXX.X..
X.X.XX...
XXX.XX...
XX.X..XX.
.....XXX.
.........
?[1;31m
Start test 63?[0m
How many mines do you want on the field? > > 32
.XXXX..X.
X.X..X...
.XXXXX.X.
X...X.X..
..X.XXXX.
X....X...
..X.XX.X.
.X..XXX..
.........
?[1;31m
Start test 64?[0m
How many mines do you want on the field? > > 32
.X..X.X..
X...X.X..
X.X..X...
...XXXXX.
X.X.X.X..
XX.....X.
..XXX.XX.
X.X.XXXX.
.........
?[1;31m
Start test 65?[0m
How many mines do you want on the field? > > 33
X.X.XX.X.
.X..XX.X.
.....XX..
.XXXXX...
.XX...XX.
XXX......
XX..X..X.
XXXX.XX..
.........
?[1;31m
Start test 66?[0m
How many mines do you want on the field? > > 33
.XXXX.X..
.......X.
.X.XX..X.
XX....XX.
.XX.XX.X.
XX.XXXX..
...X.X.X.
...XXXXX.
.........
?[1;31m
Start test 67?[0m
How many mines do you want on the field? > > 34
X.XX..XX.
X...X..X.
..XX..X..
..X.XXX..
XXX.XXXX.
X.X..X...
XX..XX.X.
.X.X..XX.
.........
?[1;31m
Start test 68?[0m
How many mines do you want on the field? > > 34
XXX..X.X.
.X.XXXXX.
.XX...XX.
XX...X.X.
.X.X.X...
XX.X.XX..
..X..XX..
.X.X..XX.
.........
?[1;31m
Start test 69?[0m
How many mines do you want on the field? > > 35
.X.X.XXX.
XX.XXX...
XXXX.XXX.
X.X....X.
X.X.X.XX.
X..X...X.
XXX......
X.X..XX..
.........
?[1;31m
Start test 70?[0m
How many mines do you want on the field? > > 35
..XX..XX.
X.XXX..X.
..X.X..X.
X.XX.XX..
XXX..XXX.
X..X.....
X...X.X..
.XXXXXXX.
.........
?[1;31m
Start test 71?[0m
How many mines do you want on the field? > > 36
X.XXX.X..
.XXXX.XX.
X..X.X...
XXX..XX..
X.X...XX.
XX.X..XX.
X.XXX....
.XXX.X...
.........
?[1;31m
Start test 72?[0m
How many mines do you want on the field? > > 36
X.X.X.XX.
X.X.XX...
XXX..X.X.
X.X.X..X.
...X.X...
XXXXX.XX.
X.XXX.X..
..X.X.XX.
.........
?[1;31m
Start test 73?[0m
How many mines do you want on the field? > > 37
XXXX..X..
XX...X.X.
.X.XX.XX.
XXX.X.XX.
XX.X.X...
X...XX.X.
..XX.X.X.
XX.X.X.X.
.........
?[1;31m
Start test 74?[0m
How many mines do you want on the field? > > 37
X.XX.X...
X...X.XX.
XXX.XXXX.
..XX.X.X.
XXXX.XX..
XXX......
...XXXX..
XXX.X.X..
.........
?[1;31m
Start test 75?[0m
How many mines do you want on the field? > > 38
XXX......
XX.XX.XX.
X..X..XX.
XXXX.X...
XXXX.X...
XXXX.XX..
X...X..X.
XXXXX..X.
.........
?[1;31m
Start test 76?[0m
How many mines do you want on the field? > > 38
X.XXXXXX.
X..X..X..
XXXXXXX..
..X.XX...
XX..XX...
XX.XX..X.
XXXXX.X..
X..XX....
.........
?[1;31m
Start test 77?[0m
How many mines do you want on the field? > > 39
.X...XX..
X.XXXXXX.
....X.XX.
XXXXXX.X.
XXXXX..X.
..XX..X..
.XXX..XX.
X..XX.XX.
.........
?[1;31m
Start test 78?[0m
How many mines do you want on the field? > > 39
.....XXX.
.X.XX.XX.
..X..XXX.
.XXX.XX..
.X.XXX.X.
X...XXXX.
XXXXX..X.
XX.XX.XX.
.........
?[1;31m
Start test 79?[0m
How many mines do you want on the field? > > 40
X...XX.X.
XX.XXXX..
.XXXX.X..
.XX.XXXX.
.XX..X...
XXX.XX...
XX..X.XX.
XXX.XXX..
.........
?[1;31m
Start test 80?[0m
How many mines do you want on the field? > > 40
XXXXXX...
X.X..X.X.
XXXXXX.X.
..X.X..X.
XX.X..X..
X.....XX.
.XXXXXXX.
X.XXX.XX.
.........
?[1;31m
Start test 81?[0m
How many mines do you want on the field? > > 41
..X...X..
XXX.XX.X.
XXXX.X.X.
..XXXXX..
.X...XXX.
.XX.X.XX.
XXXXXXXX.
XXXXX....
.........
?[1;31m
Start test 82?[0m
How many mines do you want on the field? > > 41
X.XXXX.X.
XX.XXXXX.
X.X.X....
XXX.X.XX.
XXX.XXX..
.X.X.X.X.
..XXX....
XXXX.X.X.
.........
?[1;31m
Start test 83?[0m
How many mines do you want on the field? > > 42
.XX...XX.
XXXXX.X..
...XXXXX.
XX..XXXX.
XXX.XXXX.
.XX...XX.
XXX..XX..
..X.XXXX.
.........
?[1;31m
Start test 84?[0m
How many mines do you want on the field? > > 42
.XXXX.X..
....X.XX.
.XX..X.X.
XXX..XXX.
XXXX.XXX.
XX.XXXXX.
XX.X.X.X.
XX..X.XX.
.........
?[1;31m
Start test 85?[0m
How many mines do you want on the field? > > 43
.XXXXXXX.
XXXXXXXX.
X.X.XX.X.
.XXXXXX..
X...XXX..
XX.X..X..
..XXX....
XXXX.XX..
.........
?[1;31m
Start test 86?[0m
How many mines do you want on the field? > > 43
XX.XXX...
XXXX.XX..
XX.XX....
.XXX.XXX.
XXX.X.X..
X.X.XXXX.
X.XX.X.X.
X.XXXX.X.
.........
?[1;31m
Start test 87?[0m
How many mines do you want on the field? > > 44
...XXX.X.
XXXXXXXX.
.XXX.XXX.
.XX.XX.X.
.XXXX..X.
X.X..X.X.
XXXXX.XX.
X..XXXX..
.........
?[1;31m
Start test 88?[0m
How many mines do you want on the field? > > 44
.XXX.XXX.
XX.XXX.X.
..XX.XX..
X.XXX....
XX.XXXX..
XXX.X.XX.
XXXXX....
XXXXXX.X.
.........
?[1;31m
Start test 89?[0m
How many mines do you want on the field? > > 45
.XXX.X.X.
XXXXX.XX.
X.X.XX.X.
.XXX.XX..
XXXXXX.X.
..XX.X...
.XXX.XX..
XXXXXXXX.
.........
?[1;31m
Start test 90?[0m
How many mines do you want on the field? > > 45
XXX.X.X..
XXXX.XX..
XX..XXX..
.XXXXXXX.
XX.XX.XX.
..XX..XX.
XXXX.XX..
XXX.XX.X.
.........
?[1;31m
Start test 91?[0m
How many mines do you want on the field? > > 46
..XX.XXX.
.XXXX.X..
X..XXX.X.
XXXXX..X.
XXXXX.XX.
XXXXXX...
X.XXXX...
XXXXXX.X.
.........
?[1;31m
Start test 92?[0m
How many mines do you want on the field? > > 46
XXXXXXX..
XXX.X.XX.
XX.XXXXX.
XXX.X.XX.
X.X.XXXX.
..XXX.XX.
.X..XXXX.
...XX.XX.
.........
?[1;31m
Start test 93?[0m
How many mines do you want on the field? > > 47
.XXXXX.X.
..XX.XXX.
..XXX.XX.
..XX.XX..
X.X.XXXX.
X.XXX.XX.
.XXXXXXX.
XXXXXXXX.
.........
?[1;31m
Start test 94?[0m
How many mines do you want on the field? > > 47
XX..X.XX.
.XXXXXXX.
.XX.XXXX.
.X.XXX.X.
X.XX...X.
XXXXXXXX.
XXXXX....
XXXXX.XX.
.........
?[1;31m
Start test 95?[0m
How many mines do you want on the field? > > 48
.XX.XXXX.
XXXX.XX..
X...XXXX.
.XXXXXXX.
XXX....X.
XXXXXXX..
XXXX.X.X.
X.XXXXXX.
.........
?[1;31m
Start test 96?[0m
How many mines do you want on the field? > > 48
.XXXXX...
XXXXXXX..
.X.X.XXX.
XXXXXXXX.
.X..X.XX.
XXXXX.XX.
XXXXX.XX.
XX.XX..X.
.........
?[1;31m
Start test 97?[0m
How many mines do you want on the field? > > 49
XXXXX.XX.
X.XXX..X.
.XXX.XXX.
XXXXXXXX.
.XX.XXX..
XXX.XXXX.
..XX.XXX.
XXX.XXX..
.........
?[1;31m
Start test 98?[0m
How many mines do you want on the field? > > 49
XXX.X.X..
XXXXXXXX.
XXXXXX.X.
XXXXX.XX.
XXXXX.XX.
.X.XXXXX.
.XXX.XX..
X..X.X.X.
.........
?[1;31m
Start test 99?[0m
How many mines do you want on the field? > > 50
X.XXXX.X.
.XXXX..X.
XXXX.XXX.
.XXXXXXX.
XXXXXXX..
XX.XXXX..
XXXXXX.X.
XXX...XX.
.........
?[1;31m
Start test 100?[0m
How many mines do you want on the field? > > 50
XX.XXXXX.
X.XXXXXX.
..XX.XXX.
X.XXX.XX.
XXXXXXX..
.X.XXXXX.
.XXXXXXX.
XX...XXX.
.........
]]></system-out>
  <system-err><![CDATA[]]></system-err>
</testsuite>
